The system is: Linux - 4.13.0-43-generic - x86_64
Compiling the CXX compiler identification source file "CMakeCXXCompilerId.cpp" succeeded.
Compiler: /usr/bin/c++ 
Build flags: 
Id flags: 

The output was:
0


Compilation of the CXX compiler identification source "CMakeCXXCompilerId.cpp" produced "a.out"

The CXX compiler identification is GNU, found in "/home/christoph/Documents/bachelor-thesis/Locomotion_of_snake_via_SNN/CMakeFiles/3.5.1/CompilerIdCXX/a.out"

Compiling the C compiler identification source file "CMakeCCompilerId.c" succeeded.
Compiler: /usr/bin/cc 
Build flags: 
Id flags: 

The output was:
0


Compilation of the C compiler identification source "CMakeCCompilerId.c" produced "a.out"

The C compiler identification is GNU, found in "/home/christoph/Documents/bachelor-thesis/Locomotion_of_snake_via_SNN/CMakeFiles/3.5.1/CompilerIdC/a.out"

Determining if the CXX compiler works passed with the following output:
Change Dir: /home/christoph/Documents/bachelor-thesis/Locomotion_of_snake_via_SNN/CMakeFiles/CMakeTmp

Run Build Command:"/usr/bin/make" "cmTC_e4cc5/fast"
/usr/bin/make -f CMakeFiles/cmTC_e4cc5.dir/build.make CMakeFiles/cmTC_e4cc5.dir/build
make[1]: Entering directory '/home/christoph/Documents/bachelor-thesis/Locomotion_of_snake_via_SNN/CMakeFiles/CMakeTmp'
Building CXX object CMakeFiles/cmTC_e4cc5.dir/testCXXCompiler.cxx.o
/usr/bin/c++      -o CMakeFiles/cmTC_e4cc5.dir/testCXXCompiler.cxx.o -c /home/christoph/Documents/bachelor-thesis/Locomotion_of_snake_via_SNN/CMakeFiles/CMakeTmp/testCXXCompiler.cxx
Linking CXX executable cmTC_e4cc5
/usr/bin/cmake -E cmake_link_script CMakeFiles/cmTC_e4cc5.dir/link.txt --verbose=1
/usr/bin/c++        CMakeFiles/cmTC_e4cc5.dir/testCXXCompiler.cxx.o  -o cmTC_e4cc5 -rdynamic 
make[1]: Leaving directory '/home/christoph/Documents/bachelor-thesis/Locomotion_of_snake_via_SNN/CMakeFiles/CMakeTmp'


Detecting CXX compiler ABI info compiled with the following output:
Change Dir: /home/christoph/Documents/bachelor-thesis/Locomotion_of_snake_via_SNN/CMakeFiles/CMakeTmp

Run Build Command:"/usr/bin/make" "cmTC_fca48/fast"
/usr/bin/make -f CMakeFiles/cmTC_fca48.dir/build.make CMakeFiles/cmTC_fca48.dir/build
make[1]: Entering directory '/home/christoph/Documents/bachelor-thesis/Locomotion_of_snake_via_SNN/CMakeFiles/CMakeTmp'
Building CXX object CMakeFiles/cmTC_fca48.dir/CMakeCXXCompilerABI.cpp.o
/usr/bin/c++      -o CMakeFiles/cmTC_fca48.dir/CMakeCXXCompilerABI.cpp.o -c /usr/share/cmake-3.5/Modules/CMakeCXXCompilerABI.cpp
Linking CXX executable cmTC_fca48
/usr/bin/cmake -E cmake_link_script CMakeFiles/cmTC_fca48.dir/link.txt --verbose=1
/usr/bin/c++       -v CMakeFiles/cmTC_fca48.dir/CMakeCXXCompilerABI.cpp.o  -o cmTC_fca48 -rdynamic  
Using built-in specs.
COLLECT_GCC=/usr/bin/c++
COLLECT_LTO_WRAPPER=/usr/lib/gcc/x86_64-linux-gnu/5/lto-wrapper
Target: x86_64-linux-gnu
Configured with: ../src/configure -v --with-pkgversion='Ubuntu 5.4.0-6ubuntu1~16.04.9' --with-bugurl=file:///usr/share/doc/gcc-5/README.Bugs --enable-languages=c,ada,c++,java,go,d,fortran,objc,obj-c++ --prefix=/usr --program-suffix=-5 --enable-shared --enable-linker-build-id --libexecdir=/usr/lib --without-included-gettext --enable-threads=posix --libdir=/usr/lib --enable-nls --with-sysroot=/ --enable-clocale=gnu --enable-libstdcxx-debug --enable-libstdcxx-time=yes --with-default-libstdcxx-abi=new --enable-gnu-unique-object --disable-vtable-verify --enable-libmpx --enable-plugin --with-system-zlib --disable-browser-plugin --enable-java-awt=gtk --enable-gtk-cairo --with-java-home=/usr/lib/jvm/java-1.5.0-gcj-5-amd64/jre --enable-java-home --with-jvm-root-dir=/usr/lib/jvm/java-1.5.0-gcj-5-amd64 --with-jvm-jar-dir=/usr/lib/jvm-exports/java-1.5.0-gcj-5-amd64 --with-arch-directory=amd64 --with-ecj-jar=/usr/share/java/eclipse-ecj.jar --enable-objc-gc --enable-multiarch --disable-werror --with-arch-32=i686 --with-abi=m64 --with-multilib-list=m32,m64,mx32 --enable-multilib --with-tune=generic --enable-checking=release --build=x86_64-linux-gnu --host=x86_64-linux-gnu --target=x86_64-linux-gnu
Thread model: posix
gcc version 5.4.0 20160609 (Ubuntu 5.4.0-6ubuntu1~16.04.9) 
COMPILER_PATH=/usr/lib/gcc/x86_64-linux-gnu/5/:/usr/lib/gcc/x86_64-linux-gnu/5/:/usr/lib/gcc/x86_64-linux-gnu/:/usr/lib/gcc/x86_64-linux-gnu/5/:/usr/lib/gcc/x86_64-linux-gnu/
LIBRARY_PATH=/usr/lib/gcc/x86_64-linux-gnu/5/:/usr/lib/gcc/x86_64-linux-gnu/5/../../../x86_64-linux-gnu/:/usr/lib/gcc/x86_64-linux-gnu/5/../../../../lib/:/lib/x86_64-linux-gnu/:/lib/../lib/:/usr/lib/x86_64-linux-gnu/:/usr/lib/../lib/:/usr/lib/gcc/x86_64-linux-gnu/5/../../../:/lib/:/usr/lib/
COLLECT_GCC_OPTIONS='-v' '-o' 'cmTC_fca48' '-rdynamic' '-shared-libgcc' '-mtune=generic' '-march=x86-64'
 /usr/lib/gcc/x86_64-linux-gnu/5/collect2 -plugin /usr/lib/gcc/x86_64-linux-gnu/5/liblto_plugin.so -plugin-opt=/usr/lib/gcc/x86_64-linux-gnu/5/lto-wrapper -plugin-opt=-fresolution=/tmp/ccMwIPPS.res -plugin-opt=-pass-through=-lgcc_s -plugin-opt=-pass-through=-lgcc -plugin-opt=-pass-through=-lc -plugin-opt=-pass-through=-lgcc_s -plugin-opt=-pass-through=-lgcc --sysroot=/ --build-id --eh-frame-hdr -m elf_x86_64 --hash-style=gnu --as-needed -export-dynamic -dynamic-linker /lib64/ld-linux-x86-64.so.2 -z relro -o cmTC_fca48 /usr/lib/gcc/x86_64-linux-gnu/5/../../../x86_64-linux-gnu/crt1.o /usr/lib/gcc/x86_64-linux-gnu/5/../../../x86_64-linux-gnu/crti.o /usr/lib/gcc/x86_64-linux-gnu/5/crtbegin.o -L/usr/lib/gcc/x86_64-linux-gnu/5 -L/usr/lib/gcc/x86_64-linux-gnu/5/../../../x86_64-linux-gnu -L/usr/lib/gcc/x86_64-linux-gnu/5/../../../../lib -L/lib/x86_64-linux-gnu -L/lib/../lib -L/usr/lib/x86_64-linux-gnu -L/usr/lib/../lib -L/usr/lib/gcc/x86_64-linux-gnu/5/../../.. CMakeFiles/cmTC_fca48.dir/CMakeCXXCompilerABI.cpp.o -lstdc++ -lm -lgcc_s -lgcc -lc -lgcc_s -lgcc /usr/lib/gcc/x86_64-linux-gnu/5/crtend.o /usr/lib/gcc/x86_64-linux-gnu/5/../../../x86_64-linux-gnu/crtn.o
make[1]: Leaving directory '/home/christoph/Documents/bachelor-thesis/Locomotion_of_snake_via_SNN/CMakeFiles/CMakeTmp'


Parsed CXX implicit link information from above output:
  link line regex: [^( *|.*[/\])(ld|([^/\]+-)?ld|collect2)[^/\]*( |$)]
  ignore line: [Change Dir: /home/christoph/Documents/bachelor-thesis/Locomotion_of_snake_via_SNN/CMakeFiles/CMakeTmp]
  ignore line: []
  ignore line: [Run Build Command:"/usr/bin/make" "cmTC_fca48/fast"]
  ignore line: [/usr/bin/make -f CMakeFiles/cmTC_fca48.dir/build.make CMakeFiles/cmTC_fca48.dir/build]
  ignore line: [make[1]: Entering directory '/home/christoph/Documents/bachelor-thesis/Locomotion_of_snake_via_SNN/CMakeFiles/CMakeTmp']
  ignore line: [Building CXX object CMakeFiles/cmTC_fca48.dir/CMakeCXXCompilerABI.cpp.o]
  ignore line: [/usr/bin/c++      -o CMakeFiles/cmTC_fca48.dir/CMakeCXXCompilerABI.cpp.o -c /usr/share/cmake-3.5/Modules/CMakeCXXCompilerABI.cpp]
  ignore line: [Linking CXX executable cmTC_fca48]
  ignore line: [/usr/bin/cmake -E cmake_link_script CMakeFiles/cmTC_fca48.dir/link.txt --verbose=1]
  ignore line: [/usr/bin/c++       -v CMakeFiles/cmTC_fca48.dir/CMakeCXXCompilerABI.cpp.o  -o cmTC_fca48 -rdynamic  ]
  ignore line: [Using built-in specs.]
  ignore line: [COLLECT_GCC=/usr/bin/c++]
  ignore line: [COLLECT_LTO_WRAPPER=/usr/lib/gcc/x86_64-linux-gnu/5/lto-wrapper]
  ignore line: [Target: x86_64-linux-gnu]
  ignore line: [Configured with: ../src/configure -v --with-pkgversion='Ubuntu 5.4.0-6ubuntu1~16.04.9' --with-bugurl=file:///usr/share/doc/gcc-5/README.Bugs --enable-languages=c,ada,c++,java,go,d,fortran,objc,obj-c++ --prefix=/usr --program-suffix=-5 --enable-shared --enable-linker-build-id --libexecdir=/usr/lib --without-included-gettext --enable-threads=posix --libdir=/usr/lib --enable-nls --with-sysroot=/ --enable-clocale=gnu --enable-libstdcxx-debug --enable-libstdcxx-time=yes --with-default-libstdcxx-abi=new --enable-gnu-unique-object --disable-vtable-verify --enable-libmpx --enable-plugin --with-system-zlib --disable-browser-plugin --enable-java-awt=gtk --enable-gtk-cairo --with-java-home=/usr/lib/jvm/java-1.5.0-gcj-5-amd64/jre --enable-java-home --with-jvm-root-dir=/usr/lib/jvm/java-1.5.0-gcj-5-amd64 --with-jvm-jar-dir=/usr/lib/jvm-exports/java-1.5.0-gcj-5-amd64 --with-arch-directory=amd64 --with-ecj-jar=/usr/share/java/eclipse-ecj.jar --enable-objc-gc --enable-multiarch --disable-werror --with-arch-32=i686 --with-abi=m64 --with-multilib-list=m32,m64,mx32 --enable-multilib --with-tune=generic --enable-checking=release --build=x86_64-linux-gnu --host=x86_64-linux-gnu --target=x86_64-linux-gnu]
  ignore line: [Thread model: posix]
  ignore line: [gcc version 5.4.0 20160609 (Ubuntu 5.4.0-6ubuntu1~16.04.9) ]
  ignore line: [COMPILER_PATH=/usr/lib/gcc/x86_64-linux-gnu/5/:/usr/lib/gcc/x86_64-linux-gnu/5/:/usr/lib/gcc/x86_64-linux-gnu/:/usr/lib/gcc/x86_64-linux-gnu/5/:/usr/lib/gcc/x86_64-linux-gnu/]
  ignore line: [LIBRARY_PATH=/usr/lib/gcc/x86_64-linux-gnu/5/:/usr/lib/gcc/x86_64-linux-gnu/5/../../../x86_64-linux-gnu/:/usr/lib/gcc/x86_64-linux-gnu/5/../../../../lib/:/lib/x86_64-linux-gnu/:/lib/../lib/:/usr/lib/x86_64-linux-gnu/:/usr/lib/../lib/:/usr/lib/gcc/x86_64-linux-gnu/5/../../../:/lib/:/usr/lib/]
  ignore line: [COLLECT_GCC_OPTIONS='-v' '-o' 'cmTC_fca48' '-rdynamic' '-shared-libgcc' '-mtune=generic' '-march=x86-64']
  link line: [ /usr/lib/gcc/x86_64-linux-gnu/5/collect2 -plugin /usr/lib/gcc/x86_64-linux-gnu/5/liblto_plugin.so -plugin-opt=/usr/lib/gcc/x86_64-linux-gnu/5/lto-wrapper -plugin-opt=-fresolution=/tmp/ccMwIPPS.res -plugin-opt=-pass-through=-lgcc_s -plugin-opt=-pass-through=-lgcc -plugin-opt=-pass-through=-lc -plugin-opt=-pass-through=-lgcc_s -plugin-opt=-pass-through=-lgcc --sysroot=/ --build-id --eh-frame-hdr -m elf_x86_64 --hash-style=gnu --as-needed -export-dynamic -dynamic-linker /lib64/ld-linux-x86-64.so.2 -z relro -o cmTC_fca48 /usr/lib/gcc/x86_64-linux-gnu/5/../../../x86_64-linux-gnu/crt1.o /usr/lib/gcc/x86_64-linux-gnu/5/../../../x86_64-linux-gnu/crti.o /usr/lib/gcc/x86_64-linux-gnu/5/crtbegin.o -L/usr/lib/gcc/x86_64-linux-gnu/5 -L/usr/lib/gcc/x86_64-linux-gnu/5/../../../x86_64-linux-gnu -L/usr/lib/gcc/x86_64-linux-gnu/5/../../../../lib -L/lib/x86_64-linux-gnu -L/lib/../lib -L/usr/lib/x86_64-linux-gnu -L/usr/lib/../lib -L/usr/lib/gcc/x86_64-linux-gnu/5/../../.. CMakeFiles/cmTC_fca48.dir/CMakeCXXCompilerABI.cpp.o -lstdc++ -lm -lgcc_s -lgcc -lc -lgcc_s -lgcc /usr/lib/gcc/x86_64-linux-gnu/5/crtend.o /usr/lib/gcc/x86_64-linux-gnu/5/../../../x86_64-linux-gnu/crtn.o]
    arg [/usr/lib/gcc/x86_64-linux-gnu/5/collect2] ==> ignore
    arg [-plugin] ==> ignore
    arg [/usr/lib/gcc/x86_64-linux-gnu/5/liblto_plugin.so] ==> ignore
    arg [-plugin-opt=/usr/lib/gcc/x86_64-linux-gnu/5/lto-wrapper] ==> ignore
    arg [-plugin-opt=-fresolution=/tmp/ccMwIPPS.res] ==> ignore
    arg [-plugin-opt=-pass-through=-lgcc_s] ==> ignore
    arg [-plugin-opt=-pass-through=-lgcc] ==> ignore
    arg [-plugin-opt=-pass-through=-lc] ==> ignore
    arg [-plugin-opt=-pass-through=-lgcc_s] ==> ignore
    arg [-plugin-opt=-pass-through=-lgcc] ==> ignore
    arg [--sysroot=/] ==> ignore
    arg [--build-id] ==> ignore
    arg [--eh-frame-hdr] ==> ignore
    arg [-m] ==> ignore
    arg [elf_x86_64] ==> ignore
    arg [--hash-style=gnu] ==> ignore
    arg [--as-needed] ==> ignore
    arg [-export-dynamic] ==> ignore
    arg [-dynamic-linker] ==> ignore
    arg [/lib64/ld-linux-x86-64.so.2] ==> ignore
    arg [-zrelro] ==> ignore
    arg [-o] ==> ignore
    arg [cmTC_fca48] ==> ignore
    arg [/usr/lib/gcc/x86_64-linux-gnu/5/../../../x86_64-linux-gnu/crt1.o] ==> ignore
    arg [/usr/lib/gcc/x86_64-linux-gnu/5/../../../x86_64-linux-gnu/crti.o] ==> ignore
    arg [/usr/lib/gcc/x86_64-linux-gnu/5/crtbegin.o] ==> ignore
    arg [-L/usr/lib/gcc/x86_64-linux-gnu/5] ==> dir [/usr/lib/gcc/x86_64-linux-gnu/5]
    arg [-L/usr/lib/gcc/x86_64-linux-gnu/5/../../../x86_64-linux-gnu] ==> dir [/usr/lib/gcc/x86_64-linux-gnu/5/../../../x86_64-linux-gnu]
    arg [-L/usr/lib/gcc/x86_64-linux-gnu/5/../../../../lib] ==> dir [/usr/lib/gcc/x86_64-linux-gnu/5/../../../../lib]
    arg [-L/lib/x86_64-linux-gnu] ==> dir [/lib/x86_64-linux-gnu]
    arg [-L/lib/../lib] ==> dir [/lib/../lib]
    arg [-L/usr/lib/x86_64-linux-gnu] ==> dir [/usr/lib/x86_64-linux-gnu]
    arg [-L/usr/lib/../lib] ==> dir [/usr/lib/../lib]
    arg [-L/usr/lib/gcc/x86_64-linux-gnu/5/../../..] ==> dir [/usr/lib/gcc/x86_64-linux-gnu/5/../../..]
    arg [CMakeFiles/cmTC_fca48.dir/CMakeCXXCompilerABI.cpp.o] ==> ignore
    arg [-lstdc++] ==> lib [stdc++]
    arg [-lm] ==> lib [m]
    arg [-lgcc_s] ==> lib [gcc_s]
    arg [-lgcc] ==> lib [gcc]
    arg [-lc] ==> lib [c]
    arg [-lgcc_s] ==> lib [gcc_s]
    arg [-lgcc] ==> lib [gcc]
    arg [/usr/lib/gcc/x86_64-linux-gnu/5/crtend.o] ==> ignore
    arg [/usr/lib/gcc/x86_64-linux-gnu/5/../../../x86_64-linux-gnu/crtn.o] ==> ignore
  remove lib [gcc_s]
  remove lib [gcc]
  remove lib [gcc_s]
  remove lib [gcc]
  collapse library dir [/usr/lib/gcc/x86_64-linux-gnu/5] ==> [/usr/lib/gcc/x86_64-linux-gnu/5]
  collapse library dir [/usr/lib/gcc/x86_64-linux-gnu/5/../../../x86_64-linux-gnu] ==> [/usr/lib/x86_64-linux-gnu]
  collapse library dir [/usr/lib/gcc/x86_64-linux-gnu/5/../../../../lib] ==> [/usr/lib]
  collapse library dir [/lib/x86_64-linux-gnu] ==> [/lib/x86_64-linux-gnu]
  collapse library dir [/lib/../lib] ==> [/lib]
  collapse library dir [/usr/lib/x86_64-linux-gnu] ==> [/usr/lib/x86_64-linux-gnu]
  collapse library dir [/usr/lib/../lib] ==> [/usr/lib]
  collapse library dir [/usr/lib/gcc/x86_64-linux-gnu/5/../../..] ==> [/usr/lib]
  implicit libs: [stdc++;m;c]
  implicit dirs: [/usr/lib/gcc/x86_64-linux-gnu/5;/usr/lib/x86_64-linux-gnu;/usr/lib;/lib/x86_64-linux-gnu;/lib]
  implicit fwks: []




Detecting CXX [-std=c++14] compiler features compiled with the following output:
Change Dir: /home/christoph/Documents/bachelor-thesis/Locomotion_of_snake_via_SNN/CMakeFiles/CMakeTmp

Run Build Command:"/usr/bin/make" "cmTC_b5381/fast"
/usr/bin/make -f CMakeFiles/cmTC_b5381.dir/build.make CMakeFiles/cmTC_b5381.dir/build
make[1]: Entering directory '/home/christoph/Documents/bachelor-thesis/Locomotion_of_snake_via_SNN/CMakeFiles/CMakeTmp'
Building CXX object CMakeFiles/cmTC_b5381.dir/feature_tests.cxx.o
/usr/bin/c++     -std=c++14 -o CMakeFiles/cmTC_b5381.dir/feature_tests.cxx.o -c /home/christoph/Documents/bachelor-thesis/Locomotion_of_snake_via_SNN/CMakeFiles/feature_tests.cxx
Linking CXX executable cmTC_b5381
/usr/bin/cmake -E cmake_link_script CMakeFiles/cmTC_b5381.dir/link.txt --verbose=1
/usr/bin/c++        CMakeFiles/cmTC_b5381.dir/feature_tests.cxx.o  -o cmTC_b5381 -rdynamic 
make[1]: Leaving directory '/home/christoph/Documents/bachelor-thesis/Locomotion_of_snake_via_SNN/CMakeFiles/CMakeTmp'


    Feature record: CXX_FEATURE:1cxx_aggregate_default_initializers
    Feature record: CXX_FEATURE:1cxx_alias_templates
    Feature record: CXX_FEATURE:1cxx_alignas
    Feature record: CXX_FEATURE:1cxx_alignof
    Feature record: CXX_FEATURE:1cxx_attributes
    Feature record: CXX_FEATURE:1cxx_attribute_deprecated
    Feature record: CXX_FEATURE:1cxx_auto_type
    Feature record: CXX_FEATURE:1cxx_binary_literals
    Feature record: CXX_FEATURE:1cxx_constexpr
    Feature record: CXX_FEATURE:1cxx_contextual_conversions
    Feature record: CXX_FEATURE:1cxx_decltype
    Feature record: CXX_FEATURE:1cxx_decltype_auto
    Feature record: CXX_FEATURE:1cxx_decltype_incomplete_return_types
    Feature record: CXX_FEATURE:1cxx_default_function_template_args
    Feature record: CXX_FEATURE:1cxx_defaulted_functions
    Feature record: CXX_FEATURE:1cxx_defaulted_move_initializers
    Feature record: CXX_FEATURE:1cxx_delegating_constructors
    Feature record: CXX_FEATURE:1cxx_deleted_functions
    Feature record: CXX_FEATURE:1cxx_digit_separators
    Feature record: CXX_FEATURE:1cxx_enum_forward_declarations
    Feature record: CXX_FEATURE:1cxx_explicit_conversions
    Feature record: CXX_FEATURE:1cxx_extended_friend_declarations
    Feature record: CXX_FEATURE:1cxx_extern_templates
    Feature record: CXX_FEATURE:1cxx_final
    Feature record: CXX_FEATURE:1cxx_func_identifier
    Feature record: CXX_FEATURE:1cxx_generalized_initializers
    Feature record: CXX_FEATURE:1cxx_generic_lambdas
    Feature record: CXX_FEATURE:1cxx_inheriting_constructors
    Feature record: CXX_FEATURE:1cxx_inline_namespaces
    Feature record: CXX_FEATURE:1cxx_lambdas
    Feature record: CXX_FEATURE:1cxx_lambda_init_captures
    Feature record: CXX_FEATURE:1cxx_local_type_template_args
    Feature record: CXX_FEATURE:1cxx_long_long_type
    Feature record: CXX_FEATURE:1cxx_noexcept
    Feature record: CXX_FEATURE:1cxx_nonstatic_member_init
    Feature record: CXX_FEATURE:1cxx_nullptr
    Feature record: CXX_FEATURE:1cxx_override
    Feature record: CXX_FEATURE:1cxx_range_for
    Feature record: CXX_FEATURE:1cxx_raw_string_literals
    Feature record: CXX_FEATURE:1cxx_reference_qualified_functions
    Feature record: CXX_FEATURE:1cxx_relaxed_constexpr
    Feature record: CXX_FEATURE:1cxx_return_type_deduction
    Feature record: CXX_FEATURE:1cxx_right_angle_brackets
    Feature record: CXX_FEATURE:1cxx_rvalue_references
    Feature record: CXX_FEATURE:1cxx_sizeof_member
    Feature record: CXX_FEATURE:1cxx_static_assert
    Feature record: CXX_FEATURE:1cxx_strong_enums
    Feature record: CXX_FEATURE:1cxx_template_template_parameters
    Feature record: CXX_FEATURE:1cxx_thread_local
    Feature record: CXX_FEATURE:1cxx_trailing_return_types
    Feature record: CXX_FEATURE:1cxx_unicode_literals
    Feature record: CXX_FEATURE:1cxx_uniform_initialization
    Feature record: CXX_FEATURE:1cxx_unrestricted_unions
    Feature record: CXX_FEATURE:1cxx_user_literals
    Feature record: CXX_FEATURE:1cxx_variable_templates
    Feature record: CXX_FEATURE:1cxx_variadic_macros
    Feature record: CXX_FEATURE:1cxx_variadic_templates


Detecting CXX [-std=c++11] compiler features compiled with the following output:
Change Dir: /home/christoph/Documents/bachelor-thesis/Locomotion_of_snake_via_SNN/CMakeFiles/CMakeTmp

Run Build Command:"/usr/bin/make" "cmTC_dfc6e/fast"
/usr/bin/make -f CMakeFiles/cmTC_dfc6e.dir/build.make CMakeFiles/cmTC_dfc6e.dir/build
make[1]: Entering directory '/home/christoph/Documents/bachelor-thesis/Locomotion_of_snake_via_SNN/CMakeFiles/CMakeTmp'
Building CXX object CMakeFiles/cmTC_dfc6e.dir/feature_tests.cxx.o
/usr/bin/c++     -std=c++11 -o CMakeFiles/cmTC_dfc6e.dir/feature_tests.cxx.o -c /home/christoph/Documents/bachelor-thesis/Locomotion_of_snake_via_SNN/CMakeFiles/feature_tests.cxx
Linking CXX executable cmTC_dfc6e
/usr/bin/cmake -E cmake_link_script CMakeFiles/cmTC_dfc6e.dir/link.txt --verbose=1
/usr/bin/c++        CMakeFiles/cmTC_dfc6e.dir/feature_tests.cxx.o  -o cmTC_dfc6e -rdynamic 
make[1]: Leaving directory '/home/christoph/Documents/bachelor-thesis/Locomotion_of_snake_via_SNN/CMakeFiles/CMakeTmp'


    Feature record: CXX_FEATURE:0cxx_aggregate_default_initializers
    Feature record: CXX_FEATURE:1cxx_alias_templates
    Feature record: CXX_FEATURE:1cxx_alignas
    Feature record: CXX_FEATURE:1cxx_alignof
    Feature record: CXX_FEATURE:1cxx_attributes
    Feature record: CXX_FEATURE:0cxx_attribute_deprecated
    Feature record: CXX_FEATURE:1cxx_auto_type
    Feature record: CXX_FEATURE:0cxx_binary_literals
    Feature record: CXX_FEATURE:1cxx_constexpr
    Feature record: CXX_FEATURE:0cxx_contextual_conversions
    Feature record: CXX_FEATURE:1cxx_decltype
    Feature record: CXX_FEATURE:0cxx_decltype_auto
    Feature record: CXX_FEATURE:1cxx_decltype_incomplete_return_types
    Feature record: CXX_FEATURE:1cxx_default_function_template_args
    Feature record: CXX_FEATURE:1cxx_defaulted_functions
    Feature record: CXX_FEATURE:1cxx_defaulted_move_initializers
    Feature record: CXX_FEATURE:1cxx_delegating_constructors
    Feature record: CXX_FEATURE:1cxx_deleted_functions
    Feature record: CXX_FEATURE:0cxx_digit_separators
    Feature record: CXX_FEATURE:1cxx_enum_forward_declarations
    Feature record: CXX_FEATURE:1cxx_explicit_conversions
    Feature record: CXX_FEATURE:1cxx_extended_friend_declarations
    Feature record: CXX_FEATURE:1cxx_extern_templates
    Feature record: CXX_FEATURE:1cxx_final
    Feature record: CXX_FEATURE:1cxx_func_identifier
    Feature record: CXX_FEATURE:1cxx_generalized_initializers
    Feature record: CXX_FEATURE:0cxx_generic_lambdas
    Feature record: CXX_FEATURE:1cxx_inheriting_constructors
    Feature record: CXX_FEATURE:1cxx_inline_namespaces
    Feature record: CXX_FEATURE:1cxx_lambdas
    Feature record: CXX_FEATURE:0cxx_lambda_init_captures
    Feature record: CXX_FEATURE:1cxx_local_type_template_args
    Feature record: CXX_FEATURE:1cxx_long_long_type
    Feature record: CXX_FEATURE:1cxx_noexcept
    Feature record: CXX_FEATURE:1cxx_nonstatic_member_init
    Feature record: CXX_FEATURE:1cxx_nullptr
    Feature record: CXX_FEATURE:1cxx_override
    Feature record: CXX_FEATURE:1cxx_range_for
    Feature record: CXX_FEATURE:1cxx_raw_string_literals
    Feature record: CXX_FEATURE:1cxx_reference_qualified_functions
    Feature record: CXX_FEATURE:0cxx_relaxed_constexpr
    Feature record: CXX_FEATURE:0cxx_return_type_deduction
    Feature record: CXX_FEATURE:1cxx_right_angle_brackets
    Feature record: CXX_FEATURE:1cxx_rvalue_references
    Feature record: CXX_FEATURE:1cxx_sizeof_member
    Feature record: CXX_FEATURE:1cxx_static_assert
    Feature record: CXX_FEATURE:1cxx_strong_enums
    Feature record: CXX_FEATURE:1cxx_template_template_parameters
    Feature record: CXX_FEATURE:1cxx_thread_local
    Feature record: CXX_FEATURE:1cxx_trailing_return_types
    Feature record: CXX_FEATURE:1cxx_unicode_literals
    Feature record: CXX_FEATURE:1cxx_uniform_initialization
    Feature record: CXX_FEATURE:1cxx_unrestricted_unions
    Feature record: CXX_FEATURE:1cxx_user_literals
    Feature record: CXX_FEATURE:0cxx_variable_templates
    Feature record: CXX_FEATURE:1cxx_variadic_macros
    Feature record: CXX_FEATURE:1cxx_variadic_templates


Detecting CXX [-std=c++98] compiler features compiled with the following output:
Change Dir: /home/christoph/Documents/bachelor-thesis/Locomotion_of_snake_via_SNN/CMakeFiles/CMakeTmp

Run Build Command:"/usr/bin/make" "cmTC_94459/fast"
/usr/bin/make -f CMakeFiles/cmTC_94459.dir/build.make CMakeFiles/cmTC_94459.dir/build
make[1]: Entering directory '/home/christoph/Documents/bachelor-thesis/Locomotion_of_snake_via_SNN/CMakeFiles/CMakeTmp'
Building CXX object CMakeFiles/cmTC_94459.dir/feature_tests.cxx.o
/usr/bin/c++     -std=c++98 -o CMakeFiles/cmTC_94459.dir/feature_tests.cxx.o -c /home/christoph/Documents/bachelor-thesis/Locomotion_of_snake_via_SNN/CMakeFiles/feature_tests.cxx
Linking CXX executable cmTC_94459
/usr/bin/cmake -E cmake_link_script CMakeFiles/cmTC_94459.dir/link.txt --verbose=1
/usr/bin/c++        CMakeFiles/cmTC_94459.dir/feature_tests.cxx.o  -o cmTC_94459 -rdynamic 
make[1]: Leaving directory '/home/christoph/Documents/bachelor-thesis/Locomotion_of_snake_via_SNN/CMakeFiles/CMakeTmp'


    Feature record: CXX_FEATURE:0cxx_aggregate_default_initializers
    Feature record: CXX_FEATURE:0cxx_alias_templates
    Feature record: CXX_FEATURE:0cxx_alignas
    Feature record: CXX_FEATURE:0cxx_alignof
    Feature record: CXX_FEATURE:0cxx_attributes
    Feature record: CXX_FEATURE:0cxx_attribute_deprecated
    Feature record: CXX_FEATURE:0cxx_auto_type
    Feature record: CXX_FEATURE:0cxx_binary_literals
    Feature record: CXX_FEATURE:0cxx_constexpr
    Feature record: CXX_FEATURE:0cxx_contextual_conversions
    Feature record: CXX_FEATURE:0cxx_decltype
    Feature record: CXX_FEATURE:0cxx_decltype_auto
    Feature record: CXX_FEATURE:0cxx_decltype_incomplete_return_types
    Feature record: CXX_FEATURE:0cxx_default_function_template_args
    Feature record: CXX_FEATURE:0cxx_defaulted_functions
    Feature record: CXX_FEATURE:0cxx_defaulted_move_initializers
    Feature record: CXX_FEATURE:0cxx_delegating_constructors
    Feature record: CXX_FEATURE:0cxx_deleted_functions
    Feature record: CXX_FEATURE:0cxx_digit_separators
    Feature record: CXX_FEATURE:0cxx_enum_forward_declarations
    Feature record: CXX_FEATURE:0cxx_explicit_conversions
    Feature record: CXX_FEATURE:0cxx_extended_friend_declarations
    Feature record: CXX_FEATURE:0cxx_extern_templates
    Feature record: CXX_FEATURE:0cxx_final
    Feature record: CXX_FEATURE:0cxx_func_identifier
    Feature record: CXX_FEATURE:0cxx_generalized_initializers
    Feature record: CXX_FEATURE:0cxx_generic_lambdas
    Feature record: CXX_FEATURE:0cxx_inheriting_constructors
    Feature record: CXX_FEATURE:0cxx_inline_namespaces
    Feature record: CXX_FEATURE:0cxx_lambdas
    Feature record: CXX_FEATURE:0cxx_lambda_init_captures
    Feature record: CXX_FEATURE:0cxx_local_type_template_args
    Feature record: CXX_FEATURE:0cxx_long_long_type
    Feature record: CXX_FEATURE:0cxx_noexcept
    Feature record: CXX_FEATURE:0cxx_nonstatic_member_init
    Feature record: CXX_FEATURE:0cxx_nullptr
    Feature record: CXX_FEATURE:0cxx_override
    Feature record: CXX_FEATURE:0cxx_range_for
    Feature record: CXX_FEATURE:0cxx_raw_string_literals
    Feature record: CXX_FEATURE:0cxx_reference_qualified_functions
    Feature record: CXX_FEATURE:0cxx_relaxed_constexpr
    Feature record: CXX_FEATURE:0cxx_return_type_deduction
    Feature record: CXX_FEATURE:0cxx_right_angle_brackets
    Feature record: CXX_FEATURE:0cxx_rvalue_references
    Feature record: CXX_FEATURE:0cxx_sizeof_member
    Feature record: CXX_FEATURE:0cxx_static_assert
    Feature record: CXX_FEATURE:0cxx_strong_enums
    Feature record: CXX_FEATURE:1cxx_template_template_parameters
    Feature record: CXX_FEATURE:0cxx_thread_local
    Feature record: CXX_FEATURE:0cxx_trailing_return_types
    Feature record: CXX_FEATURE:0cxx_unicode_literals
    Feature record: CXX_FEATURE:0cxx_uniform_initialization
    Feature record: CXX_FEATURE:0cxx_unrestricted_unions
    Feature record: CXX_FEATURE:0cxx_user_literals
    Feature record: CXX_FEATURE:0cxx_variable_templates
    Feature record: CXX_FEATURE:0cxx_variadic_macros
    Feature record: CXX_FEATURE:0cxx_variadic_templates
Determining if the C compiler works passed with the following output:
Change Dir: /home/christoph/Documents/bachelor-thesis/Locomotion_of_snake_via_SNN/CMakeFiles/CMakeTmp

Run Build Command:"/usr/bin/make" "cmTC_08fbe/fast"
/usr/bin/make -f CMakeFiles/cmTC_08fbe.dir/build.make CMakeFiles/cmTC_08fbe.dir/build
make[1]: Entering directory '/home/christoph/Documents/bachelor-thesis/Locomotion_of_snake_via_SNN/CMakeFiles/CMakeTmp'
Building C object CMakeFiles/cmTC_08fbe.dir/testCCompiler.c.o
/usr/bin/cc     -o CMakeFiles/cmTC_08fbe.dir/testCCompiler.c.o   -c /home/christoph/Documents/bachelor-thesis/Locomotion_of_snake_via_SNN/CMakeFiles/CMakeTmp/testCCompiler.c
Linking C executable cmTC_08fbe
/usr/bin/cmake -E cmake_link_script CMakeFiles/cmTC_08fbe.dir/link.txt --verbose=1
/usr/bin/cc       CMakeFiles/cmTC_08fbe.dir/testCCompiler.c.o  -o cmTC_08fbe -rdynamic 
make[1]: Leaving directory '/home/christoph/Documents/bachelor-thesis/Locomotion_of_snake_via_SNN/CMakeFiles/CMakeTmp'


Detecting C compiler ABI info compiled with the following output:
Change Dir: /home/christoph/Documents/bachelor-thesis/Locomotion_of_snake_via_SNN/CMakeFiles/CMakeTmp

Run Build Command:"/usr/bin/make" "cmTC_85551/fast"
/usr/bin/make -f CMakeFiles/cmTC_85551.dir/build.make CMakeFiles/cmTC_85551.dir/build
make[1]: Entering directory '/home/christoph/Documents/bachelor-thesis/Locomotion_of_snake_via_SNN/CMakeFiles/CMakeTmp'
Building C object CMakeFiles/cmTC_85551.dir/CMakeCCompilerABI.c.o
/usr/bin/cc     -o CMakeFiles/cmTC_85551.dir/CMakeCCompilerABI.c.o   -c /usr/share/cmake-3.5/Modules/CMakeCCompilerABI.c
Linking C executable cmTC_85551
/usr/bin/cmake -E cmake_link_script CMakeFiles/cmTC_85551.dir/link.txt --verbose=1
/usr/bin/cc      -v CMakeFiles/cmTC_85551.dir/CMakeCCompilerABI.c.o  -o cmTC_85551 -rdynamic  
Using built-in specs.
COLLECT_GCC=/usr/bin/cc
COLLECT_LTO_WRAPPER=/usr/lib/gcc/x86_64-linux-gnu/5/lto-wrapper
Target: x86_64-linux-gnu
Configured with: ../src/configure -v --with-pkgversion='Ubuntu 5.4.0-6ubuntu1~16.04.9' --with-bugurl=file:///usr/share/doc/gcc-5/README.Bugs --enable-languages=c,ada,c++,java,go,d,fortran,objc,obj-c++ --prefix=/usr --program-suffix=-5 --enable-shared --enable-linker-build-id --libexecdir=/usr/lib --without-included-gettext --enable-threads=posix --libdir=/usr/lib --enable-nls --with-sysroot=/ --enable-clocale=gnu --enable-libstdcxx-debug --enable-libstdcxx-time=yes --with-default-libstdcxx-abi=new --enable-gnu-unique-object --disable-vtable-verify --enable-libmpx --enable-plugin --with-system-zlib --disable-browser-plugin --enable-java-awt=gtk --enable-gtk-cairo --with-java-home=/usr/lib/jvm/java-1.5.0-gcj-5-amd64/jre --enable-java-home --with-jvm-root-dir=/usr/lib/jvm/java-1.5.0-gcj-5-amd64 --with-jvm-jar-dir=/usr/lib/jvm-exports/java-1.5.0-gcj-5-amd64 --with-arch-directory=amd64 --with-ecj-jar=/usr/share/java/eclipse-ecj.jar --enable-objc-gc --enable-multiarch --disable-werror --with-arch-32=i686 --with-abi=m64 --with-multilib-list=m32,m64,mx32 --enable-multilib --with-tune=generic --enable-checking=release --build=x86_64-linux-gnu --host=x86_64-linux-gnu --target=x86_64-linux-gnu
Thread model: posix
gcc version 5.4.0 20160609 (Ubuntu 5.4.0-6ubuntu1~16.04.9) 
COMPILER_PATH=/usr/lib/gcc/x86_64-linux-gnu/5/:/usr/lib/gcc/x86_64-linux-gnu/5/:/usr/lib/gcc/x86_64-linux-gnu/:/usr/lib/gcc/x86_64-linux-gnu/5/:/usr/lib/gcc/x86_64-linux-gnu/
LIBRARY_PATH=/usr/lib/gcc/x86_64-linux-gnu/5/:/usr/lib/gcc/x86_64-linux-gnu/5/../../../x86_64-linux-gnu/:/usr/lib/gcc/x86_64-linux-gnu/5/../../../../lib/:/lib/x86_64-linux-gnu/:/lib/../lib/:/usr/lib/x86_64-linux-gnu/:/usr/lib/../lib/:/usr/lib/gcc/x86_64-linux-gnu/5/../../../:/lib/:/usr/lib/
COLLECT_GCC_OPTIONS='-v' '-o' 'cmTC_85551' '-rdynamic' '-mtune=generic' '-march=x86-64'
 /usr/lib/gcc/x86_64-linux-gnu/5/collect2 -plugin /usr/lib/gcc/x86_64-linux-gnu/5/liblto_plugin.so -plugin-opt=/usr/lib/gcc/x86_64-linux-gnu/5/lto-wrapper -plugin-opt=-fresolution=/tmp/ccfKyPip.res -plugin-opt=-pass-through=-lgcc -plugin-opt=-pass-through=-lgcc_s -plugin-opt=-pass-through=-lc -plugin-opt=-pass-through=-lgcc -plugin-opt=-pass-through=-lgcc_s --sysroot=/ --build-id --eh-frame-hdr -m elf_x86_64 --hash-style=gnu --as-needed -export-dynamic -dynamic-linker /lib64/ld-linux-x86-64.so.2 -z relro -o cmTC_85551 /usr/lib/gcc/x86_64-linux-gnu/5/../../../x86_64-linux-gnu/crt1.o /usr/lib/gcc/x86_64-linux-gnu/5/../../../x86_64-linux-gnu/crti.o /usr/lib/gcc/x86_64-linux-gnu/5/crtbegin.o -L/usr/lib/gcc/x86_64-linux-gnu/5 -L/usr/lib/gcc/x86_64-linux-gnu/5/../../../x86_64-linux-gnu -L/usr/lib/gcc/x86_64-linux-gnu/5/../../../../lib -L/lib/x86_64-linux-gnu -L/lib/../lib -L/usr/lib/x86_64-linux-gnu -L/usr/lib/../lib -L/usr/lib/gcc/x86_64-linux-gnu/5/../../.. CMakeFiles/cmTC_85551.dir/CMakeCCompilerABI.c.o -lgcc --as-needed -lgcc_s --no-as-needed -lc -lgcc --as-needed -lgcc_s --no-as-needed /usr/lib/gcc/x86_64-linux-gnu/5/crtend.o /usr/lib/gcc/x86_64-linux-gnu/5/../../../x86_64-linux-gnu/crtn.o
make[1]: Leaving directory '/home/christoph/Documents/bachelor-thesis/Locomotion_of_snake_via_SNN/CMakeFiles/CMakeTmp'


Parsed C implicit link information from above output:
  link line regex: [^( *|.*[/\])(ld|([^/\]+-)?ld|collect2)[^/\]*( |$)]
  ignore line: [Change Dir: /home/christoph/Documents/bachelor-thesis/Locomotion_of_snake_via_SNN/CMakeFiles/CMakeTmp]
  ignore line: []
  ignore line: [Run Build Command:"/usr/bin/make" "cmTC_85551/fast"]
  ignore line: [/usr/bin/make -f CMakeFiles/cmTC_85551.dir/build.make CMakeFiles/cmTC_85551.dir/build]
  ignore line: [make[1]: Entering directory '/home/christoph/Documents/bachelor-thesis/Locomotion_of_snake_via_SNN/CMakeFiles/CMakeTmp']
  ignore line: [Building C object CMakeFiles/cmTC_85551.dir/CMakeCCompilerABI.c.o]
  ignore line: [/usr/bin/cc     -o CMakeFiles/cmTC_85551.dir/CMakeCCompilerABI.c.o   -c /usr/share/cmake-3.5/Modules/CMakeCCompilerABI.c]
  ignore line: [Linking C executable cmTC_85551]
  ignore line: [/usr/bin/cmake -E cmake_link_script CMakeFiles/cmTC_85551.dir/link.txt --verbose=1]
  ignore line: [/usr/bin/cc      -v CMakeFiles/cmTC_85551.dir/CMakeCCompilerABI.c.o  -o cmTC_85551 -rdynamic  ]
  ignore line: [Using built-in specs.]
  ignore line: [COLLECT_GCC=/usr/bin/cc]
  ignore line: [COLLECT_LTO_WRAPPER=/usr/lib/gcc/x86_64-linux-gnu/5/lto-wrapper]
  ignore line: [Target: x86_64-linux-gnu]
  ignore line: [Configured with: ../src/configure -v --with-pkgversion='Ubuntu 5.4.0-6ubuntu1~16.04.9' --with-bugurl=file:///usr/share/doc/gcc-5/README.Bugs --enable-languages=c,ada,c++,java,go,d,fortran,objc,obj-c++ --prefix=/usr --program-suffix=-5 --enable-shared --enable-linker-build-id --libexecdir=/usr/lib --without-included-gettext --enable-threads=posix --libdir=/usr/lib --enable-nls --with-sysroot=/ --enable-clocale=gnu --enable-libstdcxx-debug --enable-libstdcxx-time=yes --with-default-libstdcxx-abi=new --enable-gnu-unique-object --disable-vtable-verify --enable-libmpx --enable-plugin --with-system-zlib --disable-browser-plugin --enable-java-awt=gtk --enable-gtk-cairo --with-java-home=/usr/lib/jvm/java-1.5.0-gcj-5-amd64/jre --enable-java-home --with-jvm-root-dir=/usr/lib/jvm/java-1.5.0-gcj-5-amd64 --with-jvm-jar-dir=/usr/lib/jvm-exports/java-1.5.0-gcj-5-amd64 --with-arch-directory=amd64 --with-ecj-jar=/usr/share/java/eclipse-ecj.jar --enable-objc-gc --enable-multiarch --disable-werror --with-arch-32=i686 --with-abi=m64 --with-multilib-list=m32,m64,mx32 --enable-multilib --with-tune=generic --enable-checking=release --build=x86_64-linux-gnu --host=x86_64-linux-gnu --target=x86_64-linux-gnu]
  ignore line: [Thread model: posix]
  ignore line: [gcc version 5.4.0 20160609 (Ubuntu 5.4.0-6ubuntu1~16.04.9) ]
  ignore line: [COMPILER_PATH=/usr/lib/gcc/x86_64-linux-gnu/5/:/usr/lib/gcc/x86_64-linux-gnu/5/:/usr/lib/gcc/x86_64-linux-gnu/:/usr/lib/gcc/x86_64-linux-gnu/5/:/usr/lib/gcc/x86_64-linux-gnu/]
  ignore line: [LIBRARY_PATH=/usr/lib/gcc/x86_64-linux-gnu/5/:/usr/lib/gcc/x86_64-linux-gnu/5/../../../x86_64-linux-gnu/:/usr/lib/gcc/x86_64-linux-gnu/5/../../../../lib/:/lib/x86_64-linux-gnu/:/lib/../lib/:/usr/lib/x86_64-linux-gnu/:/usr/lib/../lib/:/usr/lib/gcc/x86_64-linux-gnu/5/../../../:/lib/:/usr/lib/]
  ignore line: [COLLECT_GCC_OPTIONS='-v' '-o' 'cmTC_85551' '-rdynamic' '-mtune=generic' '-march=x86-64']
  link line: [ /usr/lib/gcc/x86_64-linux-gnu/5/collect2 -plugin /usr/lib/gcc/x86_64-linux-gnu/5/liblto_plugin.so -plugin-opt=/usr/lib/gcc/x86_64-linux-gnu/5/lto-wrapper -plugin-opt=-fresolution=/tmp/ccfKyPip.res -plugin-opt=-pass-through=-lgcc -plugin-opt=-pass-through=-lgcc_s -plugin-opt=-pass-through=-lc -plugin-opt=-pass-through=-lgcc -plugin-opt=-pass-through=-lgcc_s --sysroot=/ --build-id --eh-frame-hdr -m elf_x86_64 --hash-style=gnu --as-needed -export-dynamic -dynamic-linker /lib64/ld-linux-x86-64.so.2 -z relro -o cmTC_85551 /usr/lib/gcc/x86_64-linux-gnu/5/../../../x86_64-linux-gnu/crt1.o /usr/lib/gcc/x86_64-linux-gnu/5/../../../x86_64-linux-gnu/crti.o /usr/lib/gcc/x86_64-linux-gnu/5/crtbegin.o -L/usr/lib/gcc/x86_64-linux-gnu/5 -L/usr/lib/gcc/x86_64-linux-gnu/5/../../../x86_64-linux-gnu -L/usr/lib/gcc/x86_64-linux-gnu/5/../../../../lib -L/lib/x86_64-linux-gnu -L/lib/../lib -L/usr/lib/x86_64-linux-gnu -L/usr/lib/../lib -L/usr/lib/gcc/x86_64-linux-gnu/5/../../.. CMakeFiles/cmTC_85551.dir/CMakeCCompilerABI.c.o -lgcc --as-needed -lgcc_s --no-as-needed -lc -lgcc --as-needed -lgcc_s --no-as-needed /usr/lib/gcc/x86_64-linux-gnu/5/crtend.o /usr/lib/gcc/x86_64-linux-gnu/5/../../../x86_64-linux-gnu/crtn.o]
    arg [/usr/lib/gcc/x86_64-linux-gnu/5/collect2] ==> ignore
    arg [-plugin] ==> ignore
    arg [/usr/lib/gcc/x86_64-linux-gnu/5/liblto_plugin.so] ==> ignore
    arg [-plugin-opt=/usr/lib/gcc/x86_64-linux-gnu/5/lto-wrapper] ==> ignore
    arg [-plugin-opt=-fresolution=/tmp/ccfKyPip.res] ==> ignore
    arg [-plugin-opt=-pass-through=-lgcc] ==> ignore
    arg [-plugin-opt=-pass-through=-lgcc_s] ==> ignore
    arg [-plugin-opt=-pass-through=-lc] ==> ignore
    arg [-plugin-opt=-pass-through=-lgcc] ==> ignore
    arg [-plugin-opt=-pass-through=-lgcc_s] ==> ignore
    arg [--sysroot=/] ==> ignore
    arg [--build-id] ==> ignore
    arg [--eh-frame-hdr] ==> ignore
    arg [-m] ==> ignore
    arg [elf_x86_64] ==> ignore
    arg [--hash-style=gnu] ==> ignore
    arg [--as-needed] ==> ignore
    arg [-export-dynamic] ==> ignore
    arg [-dynamic-linker] ==> ignore
    arg [/lib64/ld-linux-x86-64.so.2] ==> ignore
    arg [-zrelro] ==> ignore
    arg [-o] ==> ignore
    arg [cmTC_85551] ==> ignore
    arg [/usr/lib/gcc/x86_64-linux-gnu/5/../../../x86_64-linux-gnu/crt1.o] ==> ignore
    arg [/usr/lib/gcc/x86_64-linux-gnu/5/../../../x86_64-linux-gnu/crti.o] ==> ignore
    arg [/usr/lib/gcc/x86_64-linux-gnu/5/crtbegin.o] ==> ignore
    arg [-L/usr/lib/gcc/x86_64-linux-gnu/5] ==> dir [/usr/lib/gcc/x86_64-linux-gnu/5]
    arg [-L/usr/lib/gcc/x86_64-linux-gnu/5/../../../x86_64-linux-gnu] ==> dir [/usr/lib/gcc/x86_64-linux-gnu/5/../../../x86_64-linux-gnu]
    arg [-L/usr/lib/gcc/x86_64-linux-gnu/5/../../../../lib] ==> dir [/usr/lib/gcc/x86_64-linux-gnu/5/../../../../lib]
    arg [-L/lib/x86_64-linux-gnu] ==> dir [/lib/x86_64-linux-gnu]
    arg [-L/lib/../lib] ==> dir [/lib/../lib]
    arg [-L/usr/lib/x86_64-linux-gnu] ==> dir [/usr/lib/x86_64-linux-gnu]
    arg [-L/usr/lib/../lib] ==> dir [/usr/lib/../lib]
    arg [-L/usr/lib/gcc/x86_64-linux-gnu/5/../../..] ==> dir [/usr/lib/gcc/x86_64-linux-gnu/5/../../..]
    arg [CMakeFiles/cmTC_85551.dir/CMakeCCompilerABI.c.o] ==> ignore
    arg [-lgcc] ==> lib [gcc]
    arg [--as-needed] ==> ignore
    arg [-lgcc_s] ==> lib [gcc_s]
    arg [--no-as-needed] ==> ignore
    arg [-lc] ==> lib [c]
    arg [-lgcc] ==> lib [gcc]
    arg [--as-needed] ==> ignore
    arg [-lgcc_s] ==> lib [gcc_s]
    arg [--no-as-needed] ==> ignore
    arg [/usr/lib/gcc/x86_64-linux-gnu/5/crtend.o] ==> ignore
    arg [/usr/lib/gcc/x86_64-linux-gnu/5/../../../x86_64-linux-gnu/crtn.o] ==> ignore
  remove lib [gcc]
  remove lib [gcc_s]
  remove lib [gcc]
  remove lib [gcc_s]
  collapse library dir [/usr/lib/gcc/x86_64-linux-gnu/5] ==> [/usr/lib/gcc/x86_64-linux-gnu/5]
  collapse library dir [/usr/lib/gcc/x86_64-linux-gnu/5/../../../x86_64-linux-gnu] ==> [/usr/lib/x86_64-linux-gnu]
  collapse library dir [/usr/lib/gcc/x86_64-linux-gnu/5/../../../../lib] ==> [/usr/lib]
  collapse library dir [/lib/x86_64-linux-gnu] ==> [/lib/x86_64-linux-gnu]
  collapse library dir [/lib/../lib] ==> [/lib]
  collapse library dir [/usr/lib/x86_64-linux-gnu] ==> [/usr/lib/x86_64-linux-gnu]
  collapse library dir [/usr/lib/../lib] ==> [/usr/lib]
  collapse library dir [/usr/lib/gcc/x86_64-linux-gnu/5/../../..] ==> [/usr/lib]
  implicit libs: [c]
  implicit dirs: [/usr/lib/gcc/x86_64-linux-gnu/5;/usr/lib/x86_64-linux-gnu;/usr/lib;/lib/x86_64-linux-gnu;/lib]
  implicit fwks: []




Detecting C [-std=c11] compiler features compiled with the following output:
Change Dir: /home/christoph/Documents/bachelor-thesis/Locomotion_of_snake_via_SNN/CMakeFiles/CMakeTmp

Run Build Command:"/usr/bin/make" "cmTC_a8f64/fast"
/usr/bin/make -f CMakeFiles/cmTC_a8f64.dir/build.make CMakeFiles/cmTC_a8f64.dir/build
make[1]: Entering directory '/home/christoph/Documents/bachelor-thesis/Locomotion_of_snake_via_SNN/CMakeFiles/CMakeTmp'
Building C object CMakeFiles/cmTC_a8f64.dir/feature_tests.c.o
/usr/bin/cc    -std=c11 -o CMakeFiles/cmTC_a8f64.dir/feature_tests.c.o   -c /home/christoph/Documents/bachelor-thesis/Locomotion_of_snake_via_SNN/CMakeFiles/feature_tests.c
Linking C executable cmTC_a8f64
/usr/bin/cmake -E cmake_link_script CMakeFiles/cmTC_a8f64.dir/link.txt --verbose=1
/usr/bin/cc       CMakeFiles/cmTC_a8f64.dir/feature_tests.c.o  -o cmTC_a8f64 -rdynamic 
make[1]: Leaving directory '/home/christoph/Documents/bachelor-thesis/Locomotion_of_snake_via_SNN/CMakeFiles/CMakeTmp'


    Feature record: C_FEATURE:1c_function_prototypes
    Feature record: C_FEATURE:1c_restrict
    Feature record: C_FEATURE:1c_static_assert
    Feature record: C_FEATURE:1c_variadic_macros


Detecting C [-std=c99] compiler features compiled with the following output:
Change Dir: /home/christoph/Documents/bachelor-thesis/Locomotion_of_snake_via_SNN/CMakeFiles/CMakeTmp

Run Build Command:"/usr/bin/make" "cmTC_fb021/fast"
/usr/bin/make -f CMakeFiles/cmTC_fb021.dir/build.make CMakeFiles/cmTC_fb021.dir/build
make[1]: Entering directory '/home/christoph/Documents/bachelor-thesis/Locomotion_of_snake_via_SNN/CMakeFiles/CMakeTmp'
Building C object CMakeFiles/cmTC_fb021.dir/feature_tests.c.o
/usr/bin/cc    -std=c99 -o CMakeFiles/cmTC_fb021.dir/feature_tests.c.o   -c /home/christoph/Documents/bachelor-thesis/Locomotion_of_snake_via_SNN/CMakeFiles/feature_tests.c
Linking C executable cmTC_fb021
/usr/bin/cmake -E cmake_link_script CMakeFiles/cmTC_fb021.dir/link.txt --verbose=1
/usr/bin/cc       CMakeFiles/cmTC_fb021.dir/feature_tests.c.o  -o cmTC_fb021 -rdynamic 
make[1]: Leaving directory '/home/christoph/Documents/bachelor-thesis/Locomotion_of_snake_via_SNN/CMakeFiles/CMakeTmp'


    Feature record: C_FEATURE:1c_function_prototypes
    Feature record: C_FEATURE:1c_restrict
    Feature record: C_FEATURE:0c_static_assert
    Feature record: C_FEATURE:1c_variadic_macros


Detecting C [-std=c90] compiler features compiled with the following output:
Change Dir: /home/christoph/Documents/bachelor-thesis/Locomotion_of_snake_via_SNN/CMakeFiles/CMakeTmp

Run Build Command:"/usr/bin/make" "cmTC_979ec/fast"
/usr/bin/make -f CMakeFiles/cmTC_979ec.dir/build.make CMakeFiles/cmTC_979ec.dir/build
make[1]: Entering directory '/home/christoph/Documents/bachelor-thesis/Locomotion_of_snake_via_SNN/CMakeFiles/CMakeTmp'
Building C object CMakeFiles/cmTC_979ec.dir/feature_tests.c.o
/usr/bin/cc    -std=c90 -o CMakeFiles/cmTC_979ec.dir/feature_tests.c.o   -c /home/christoph/Documents/bachelor-thesis/Locomotion_of_snake_via_SNN/CMakeFiles/feature_tests.c
Linking C executable cmTC_979ec
/usr/bin/cmake -E cmake_link_script CMakeFiles/cmTC_979ec.dir/link.txt --verbose=1
/usr/bin/cc       CMakeFiles/cmTC_979ec.dir/feature_tests.c.o  -o cmTC_979ec -rdynamic 
make[1]: Leaving directory '/home/christoph/Documents/bachelor-thesis/Locomotion_of_snake_via_SNN/CMakeFiles/CMakeTmp'


    Feature record: C_FEATURE:1c_function_prototypes
    Feature record: C_FEATURE:0c_restrict
    Feature record: C_FEATURE:0c_static_assert
    Feature record: C_FEATURE:0c_variadic_macros
Determining if files inttypes.h exist passed with the following output:
Change Dir: /home/christoph/Documents/bachelor-thesis/Locomotion_of_snake_via_SNN/CMakeFiles/CMakeTmp

Run Build Command:"/usr/bin/make" "cmTC_16784/fast"
/usr/bin/make -f CMakeFiles/cmTC_16784.dir/build.make CMakeFiles/cmTC_16784.dir/build
make[1]: Entering directory '/home/christoph/Documents/bachelor-thesis/Locomotion_of_snake_via_SNN/CMakeFiles/CMakeTmp'
Building C object CMakeFiles/cmTC_16784.dir/CheckIncludeFiles.c.o
/usr/bin/cc     -o CMakeFiles/cmTC_16784.dir/CheckIncludeFiles.c.o   -c /home/christoph/Documents/bachelor-thesis/Locomotion_of_snake_via_SNN/CMakeFiles/CMakeTmp/CheckIncludeFiles.c
Linking C executable cmTC_16784
/usr/bin/cmake -E cmake_link_script CMakeFiles/cmTC_16784.dir/link.txt --verbose=1
/usr/bin/cc       CMakeFiles/cmTC_16784.dir/CheckIncludeFiles.c.o  -o cmTC_16784 -rdynamic 
make[1]: Leaving directory '/home/christoph/Documents/bachelor-thesis/Locomotion_of_snake_via_SNN/CMakeFiles/CMakeTmp'


Determining if files memory.h exist passed with the following output:
Change Dir: /home/christoph/Documents/bachelor-thesis/Locomotion_of_snake_via_SNN/CMakeFiles/CMakeTmp

Run Build Command:"/usr/bin/make" "cmTC_d7466/fast"
/usr/bin/make -f CMakeFiles/cmTC_d7466.dir/build.make CMakeFiles/cmTC_d7466.dir/build
make[1]: Entering directory '/home/christoph/Documents/bachelor-thesis/Locomotion_of_snake_via_SNN/CMakeFiles/CMakeTmp'
Building C object CMakeFiles/cmTC_d7466.dir/CheckIncludeFiles.c.o
/usr/bin/cc     -o CMakeFiles/cmTC_d7466.dir/CheckIncludeFiles.c.o   -c /home/christoph/Documents/bachelor-thesis/Locomotion_of_snake_via_SNN/CMakeFiles/CMakeTmp/CheckIncludeFiles.c
Linking C executable cmTC_d7466
/usr/bin/cmake -E cmake_link_script CMakeFiles/cmTC_d7466.dir/link.txt --verbose=1
/usr/bin/cc       CMakeFiles/cmTC_d7466.dir/CheckIncludeFiles.c.o  -o cmTC_d7466 -rdynamic 
make[1]: Leaving directory '/home/christoph/Documents/bachelor-thesis/Locomotion_of_snake_via_SNN/CMakeFiles/CMakeTmp'


Determining if files stdint.h exist passed with the following output:
Change Dir: /home/christoph/Documents/bachelor-thesis/Locomotion_of_snake_via_SNN/CMakeFiles/CMakeTmp

Run Build Command:"/usr/bin/make" "cmTC_1575d/fast"
/usr/bin/make -f CMakeFiles/cmTC_1575d.dir/build.make CMakeFiles/cmTC_1575d.dir/build
make[1]: Entering directory '/home/christoph/Documents/bachelor-thesis/Locomotion_of_snake_via_SNN/CMakeFiles/CMakeTmp'
Building C object CMakeFiles/cmTC_1575d.dir/CheckIncludeFiles.c.o
/usr/bin/cc     -o CMakeFiles/cmTC_1575d.dir/CheckIncludeFiles.c.o   -c /home/christoph/Documents/bachelor-thesis/Locomotion_of_snake_via_SNN/CMakeFiles/CMakeTmp/CheckIncludeFiles.c
Linking C executable cmTC_1575d
/usr/bin/cmake -E cmake_link_script CMakeFiles/cmTC_1575d.dir/link.txt --verbose=1
/usr/bin/cc       CMakeFiles/cmTC_1575d.dir/CheckIncludeFiles.c.o  -o cmTC_1575d -rdynamic 
make[1]: Leaving directory '/home/christoph/Documents/bachelor-thesis/Locomotion_of_snake_via_SNN/CMakeFiles/CMakeTmp'


Determining if files sys/types.h exist passed with the following output:
Change Dir: /home/christoph/Documents/bachelor-thesis/Locomotion_of_snake_via_SNN/CMakeFiles/CMakeTmp

Run Build Command:"/usr/bin/make" "cmTC_d580d/fast"
/usr/bin/make -f CMakeFiles/cmTC_d580d.dir/build.make CMakeFiles/cmTC_d580d.dir/build
make[1]: Entering directory '/home/christoph/Documents/bachelor-thesis/Locomotion_of_snake_via_SNN/CMakeFiles/CMakeTmp'
Building C object CMakeFiles/cmTC_d580d.dir/CheckIncludeFiles.c.o
/usr/bin/cc     -o CMakeFiles/cmTC_d580d.dir/CheckIncludeFiles.c.o   -c /home/christoph/Documents/bachelor-thesis/Locomotion_of_snake_via_SNN/CMakeFiles/CMakeTmp/CheckIncludeFiles.c
Linking C executable cmTC_d580d
/usr/bin/cmake -E cmake_link_script CMakeFiles/cmTC_d580d.dir/link.txt --verbose=1
/usr/bin/cc       CMakeFiles/cmTC_d580d.dir/CheckIncludeFiles.c.o  -o cmTC_d580d -rdynamic 
make[1]: Leaving directory '/home/christoph/Documents/bachelor-thesis/Locomotion_of_snake_via_SNN/CMakeFiles/CMakeTmp'


Determining if the include file istream exists passed with the following output:
Change Dir: /home/christoph/Documents/bachelor-thesis/Locomotion_of_snake_via_SNN/CMakeFiles/CMakeTmp

Run Build Command:"/usr/bin/make" "cmTC_19168/fast"
/usr/bin/make -f CMakeFiles/cmTC_19168.dir/build.make CMakeFiles/cmTC_19168.dir/build
make[1]: Entering directory '/home/christoph/Documents/bachelor-thesis/Locomotion_of_snake_via_SNN/CMakeFiles/CMakeTmp'
Building CXX object CMakeFiles/cmTC_19168.dir/CheckIncludeFile.cxx.o
/usr/bin/c++      -o CMakeFiles/cmTC_19168.dir/CheckIncludeFile.cxx.o -c /home/christoph/Documents/bachelor-thesis/Locomotion_of_snake_via_SNN/CMakeFiles/CMakeTmp/CheckIncludeFile.cxx
Linking CXX executable cmTC_19168
/usr/bin/cmake -E cmake_link_script CMakeFiles/cmTC_19168.dir/link.txt --verbose=1
/usr/bin/c++        CMakeFiles/cmTC_19168.dir/CheckIncludeFile.cxx.o  -o cmTC_19168 -rdynamic 
make[1]: Leaving directory '/home/christoph/Documents/bachelor-thesis/Locomotion_of_snake_via_SNN/CMakeFiles/CMakeTmp'


Determining if the include file ostream exists passed with the following output:
Change Dir: /home/christoph/Documents/bachelor-thesis/Locomotion_of_snake_via_SNN/CMakeFiles/CMakeTmp

Run Build Command:"/usr/bin/make" "cmTC_319d8/fast"
/usr/bin/make -f CMakeFiles/cmTC_319d8.dir/build.make CMakeFiles/cmTC_319d8.dir/build
make[1]: Entering directory '/home/christoph/Documents/bachelor-thesis/Locomotion_of_snake_via_SNN/CMakeFiles/CMakeTmp'
Building CXX object CMakeFiles/cmTC_319d8.dir/CheckIncludeFile.cxx.o
/usr/bin/c++      -o CMakeFiles/cmTC_319d8.dir/CheckIncludeFile.cxx.o -c /home/christoph/Documents/bachelor-thesis/Locomotion_of_snake_via_SNN/CMakeFiles/CMakeTmp/CheckIncludeFile.cxx
Linking CXX executable cmTC_319d8
/usr/bin/cmake -E cmake_link_script CMakeFiles/cmTC_319d8.dir/link.txt --verbose=1
/usr/bin/c++        CMakeFiles/cmTC_319d8.dir/CheckIncludeFile.cxx.o  -o cmTC_319d8 -rdynamic 
make[1]: Leaving directory '/home/christoph/Documents/bachelor-thesis/Locomotion_of_snake_via_SNN/CMakeFiles/CMakeTmp'


Determining if the include file sstream exists passed with the following output:
Change Dir: /home/christoph/Documents/bachelor-thesis/Locomotion_of_snake_via_SNN/CMakeFiles/CMakeTmp

Run Build Command:"/usr/bin/make" "cmTC_95e16/fast"
/usr/bin/make -f CMakeFiles/cmTC_95e16.dir/build.make CMakeFiles/cmTC_95e16.dir/build
make[1]: Entering directory '/home/christoph/Documents/bachelor-thesis/Locomotion_of_snake_via_SNN/CMakeFiles/CMakeTmp'
Building CXX object CMakeFiles/cmTC_95e16.dir/CheckIncludeFile.cxx.o
/usr/bin/c++      -o CMakeFiles/cmTC_95e16.dir/CheckIncludeFile.cxx.o -c /home/christoph/Documents/bachelor-thesis/Locomotion_of_snake_via_SNN/CMakeFiles/CMakeTmp/CheckIncludeFile.cxx
Linking CXX executable cmTC_95e16
/usr/bin/cmake -E cmake_link_script CMakeFiles/cmTC_95e16.dir/link.txt --verbose=1
/usr/bin/c++        CMakeFiles/cmTC_95e16.dir/CheckIncludeFile.cxx.o  -o cmTC_95e16 -rdynamic 
make[1]: Leaving directory '/home/christoph/Documents/bachelor-thesis/Locomotion_of_snake_via_SNN/CMakeFiles/CMakeTmp'


Determining if the include file stddef.h exists passed with the following output:
Change Dir: /home/christoph/Documents/bachelor-thesis/Locomotion_of_snake_via_SNN/CMakeFiles/CMakeTmp

Run Build Command:"/usr/bin/make" "cmTC_36201/fast"
/usr/bin/make -f CMakeFiles/cmTC_36201.dir/build.make CMakeFiles/cmTC_36201.dir/build
make[1]: Entering directory '/home/christoph/Documents/bachelor-thesis/Locomotion_of_snake_via_SNN/CMakeFiles/CMakeTmp'
Building C object CMakeFiles/cmTC_36201.dir/CheckIncludeFile.c.o
/usr/bin/cc     -o CMakeFiles/cmTC_36201.dir/CheckIncludeFile.c.o   -c /home/christoph/Documents/bachelor-thesis/Locomotion_of_snake_via_SNN/CMakeFiles/CMakeTmp/CheckIncludeFile.c
Linking C executable cmTC_36201
/usr/bin/cmake -E cmake_link_script CMakeFiles/cmTC_36201.dir/link.txt --verbose=1
/usr/bin/cc       CMakeFiles/cmTC_36201.dir/CheckIncludeFile.c.o  -o cmTC_36201 -rdynamic 
make[1]: Leaving directory '/home/christoph/Documents/bachelor-thesis/Locomotion_of_snake_via_SNN/CMakeFiles/CMakeTmp'


Determining size of long long passed with the following output:
Change Dir: /home/christoph/Documents/bachelor-thesis/Locomotion_of_snake_via_SNN/CMakeFiles/CMakeTmp

Run Build Command:"/usr/bin/make" "cmTC_1b753/fast"
/usr/bin/make -f CMakeFiles/cmTC_1b753.dir/build.make CMakeFiles/cmTC_1b753.dir/build
make[1]: Entering directory '/home/christoph/Documents/bachelor-thesis/Locomotion_of_snake_via_SNN/CMakeFiles/CMakeTmp'
Building C object CMakeFiles/cmTC_1b753.dir/LONG_LONG_SIZE.c.o
/usr/bin/cc     -o CMakeFiles/cmTC_1b753.dir/LONG_LONG_SIZE.c.o   -c /home/christoph/Documents/bachelor-thesis/Locomotion_of_snake_via_SNN/CMakeFiles/CheckTypeSize/LONG_LONG_SIZE.c
Linking C executable cmTC_1b753
/usr/bin/cmake -E cmake_link_script CMakeFiles/cmTC_1b753.dir/link.txt --verbose=1
/usr/bin/cc       CMakeFiles/cmTC_1b753.dir/LONG_LONG_SIZE.c.o  -o cmTC_1b753 -rdynamic 
make[1]: Leaving directory '/home/christoph/Documents/bachelor-thesis/Locomotion_of_snake_via_SNN/CMakeFiles/CMakeTmp'


Determining size of uint16_t passed with the following output:
Change Dir: /home/christoph/Documents/bachelor-thesis/Locomotion_of_snake_via_SNN/CMakeFiles/CMakeTmp

Run Build Command:"/usr/bin/make" "cmTC_7937b/fast"
/usr/bin/make -f CMakeFiles/cmTC_7937b.dir/build.make CMakeFiles/cmTC_7937b.dir/build
make[1]: Entering directory '/home/christoph/Documents/bachelor-thesis/Locomotion_of_snake_via_SNN/CMakeFiles/CMakeTmp'
Building C object CMakeFiles/cmTC_7937b.dir/UINT16_T_SIZE.c.o
/usr/bin/cc     -o CMakeFiles/cmTC_7937b.dir/UINT16_T_SIZE.c.o   -c /home/christoph/Documents/bachelor-thesis/Locomotion_of_snake_via_SNN/CMakeFiles/CheckTypeSize/UINT16_T_SIZE.c
Linking C executable cmTC_7937b
/usr/bin/cmake -E cmake_link_script CMakeFiles/cmTC_7937b.dir/link.txt --verbose=1
/usr/bin/cc       CMakeFiles/cmTC_7937b.dir/UINT16_T_SIZE.c.o  -o cmTC_7937b -rdynamic 
make[1]: Leaving directory '/home/christoph/Documents/bachelor-thesis/Locomotion_of_snake_via_SNN/CMakeFiles/CMakeTmp'


Determining if the NAN exist passed with the following output:
Change Dir: /home/christoph/Documents/bachelor-thesis/Locomotion_of_snake_via_SNN/CMakeFiles/CMakeTmp

Run Build Command:"/usr/bin/make" "cmTC_1e738/fast"
/usr/bin/make -f CMakeFiles/cmTC_1e738.dir/build.make CMakeFiles/cmTC_1e738.dir/build
make[1]: Entering directory '/home/christoph/Documents/bachelor-thesis/Locomotion_of_snake_via_SNN/CMakeFiles/CMakeTmp'
Building C object CMakeFiles/cmTC_1e738.dir/CheckSymbolExists.c.o
/usr/bin/cc     -o CMakeFiles/cmTC_1e738.dir/CheckSymbolExists.c.o   -c /home/christoph/Documents/bachelor-thesis/Locomotion_of_snake_via_SNN/CMakeFiles/CMakeTmp/CheckSymbolExists.c
Linking C executable cmTC_1e738
/usr/bin/cmake -E cmake_link_script CMakeFiles/cmTC_1e738.dir/link.txt --verbose=1
/usr/bin/cc       CMakeFiles/cmTC_1e738.dir/CheckSymbolExists.c.o  -o cmTC_1e738 -rdynamic 
make[1]: Leaving directory '/home/christoph/Documents/bachelor-thesis/Locomotion_of_snake_via_SNN/CMakeFiles/CMakeTmp'

File /home/christoph/Documents/bachelor-thesis/Locomotion_of_snake_via_SNN/CMakeFiles/CMakeTmp/CheckSymbolExists.c:
/* */
#include <math.h>

int main(int argc, char** argv)
{
  (void)argv;
#ifndef NAN
  return ((int*)(&NAN))[argc];
#else
  (void)argc;
  return 0;
#endif
}

Determining if the isnan exist passed with the following output:
Change Dir: /home/christoph/Documents/bachelor-thesis/Locomotion_of_snake_via_SNN/CMakeFiles/CMakeTmp

Run Build Command:"/usr/bin/make" "cmTC_be23a/fast"
/usr/bin/make -f CMakeFiles/cmTC_be23a.dir/build.make CMakeFiles/cmTC_be23a.dir/build
make[1]: Entering directory '/home/christoph/Documents/bachelor-thesis/Locomotion_of_snake_via_SNN/CMakeFiles/CMakeTmp'
Building C object CMakeFiles/cmTC_be23a.dir/CheckSymbolExists.c.o
/usr/bin/cc     -o CMakeFiles/cmTC_be23a.dir/CheckSymbolExists.c.o   -c /home/christoph/Documents/bachelor-thesis/Locomotion_of_snake_via_SNN/CMakeFiles/CMakeTmp/CheckSymbolExists.c
Linking C executable cmTC_be23a
/usr/bin/cmake -E cmake_link_script CMakeFiles/cmTC_be23a.dir/link.txt --verbose=1
/usr/bin/cc       CMakeFiles/cmTC_be23a.dir/CheckSymbolExists.c.o  -o cmTC_be23a -rdynamic 
make[1]: Leaving directory '/home/christoph/Documents/bachelor-thesis/Locomotion_of_snake_via_SNN/CMakeFiles/CMakeTmp'

File /home/christoph/Documents/bachelor-thesis/Locomotion_of_snake_via_SNN/CMakeFiles/CMakeTmp/CheckSymbolExists.c:
/* */
#include <math.h>

int main(int argc, char** argv)
{
  (void)argv;
#ifndef isnan
  return ((int*)(&isnan))[argc];
#else
  (void)argc;
  return 0;
#endif
}

Determining if the M_E exist passed with the following output:
Change Dir: /home/christoph/Documents/bachelor-thesis/Locomotion_of_snake_via_SNN/CMakeFiles/CMakeTmp

Run Build Command:"/usr/bin/make" "cmTC_03419/fast"
/usr/bin/make -f CMakeFiles/cmTC_03419.dir/build.make CMakeFiles/cmTC_03419.dir/build
make[1]: Entering directory '/home/christoph/Documents/bachelor-thesis/Locomotion_of_snake_via_SNN/CMakeFiles/CMakeTmp'
Building CXX object CMakeFiles/cmTC_03419.dir/CheckSymbolExists.cxx.o
/usr/bin/c++      -o CMakeFiles/cmTC_03419.dir/CheckSymbolExists.cxx.o -c /home/christoph/Documents/bachelor-thesis/Locomotion_of_snake_via_SNN/CMakeFiles/CMakeTmp/CheckSymbolExists.cxx
Linking CXX executable cmTC_03419
/usr/bin/cmake -E cmake_link_script CMakeFiles/cmTC_03419.dir/link.txt --verbose=1
/usr/bin/c++        CMakeFiles/cmTC_03419.dir/CheckSymbolExists.cxx.o  -o cmTC_03419 -rdynamic 
make[1]: Leaving directory '/home/christoph/Documents/bachelor-thesis/Locomotion_of_snake_via_SNN/CMakeFiles/CMakeTmp'

File /home/christoph/Documents/bachelor-thesis/Locomotion_of_snake_via_SNN/CMakeFiles/CMakeTmp/CheckSymbolExists.cxx:
/* */
#include <cmath>

int main(int argc, char** argv)
{
  (void)argv;
#ifndef M_E
  return ((int*)(&M_E))[argc];
#else
  (void)argc;
  return 0;
#endif
}

Determining if the M_PI exist passed with the following output:
Change Dir: /home/christoph/Documents/bachelor-thesis/Locomotion_of_snake_via_SNN/CMakeFiles/CMakeTmp

Run Build Command:"/usr/bin/make" "cmTC_77cda/fast"
/usr/bin/make -f CMakeFiles/cmTC_77cda.dir/build.make CMakeFiles/cmTC_77cda.dir/build
make[1]: Entering directory '/home/christoph/Documents/bachelor-thesis/Locomotion_of_snake_via_SNN/CMakeFiles/CMakeTmp'
Building CXX object CMakeFiles/cmTC_77cda.dir/CheckSymbolExists.cxx.o
/usr/bin/c++      -o CMakeFiles/cmTC_77cda.dir/CheckSymbolExists.cxx.o -c /home/christoph/Documents/bachelor-thesis/Locomotion_of_snake_via_SNN/CMakeFiles/CMakeTmp/CheckSymbolExists.cxx
Linking CXX executable cmTC_77cda
/usr/bin/cmake -E cmake_link_script CMakeFiles/cmTC_77cda.dir/link.txt --verbose=1
/usr/bin/c++        CMakeFiles/cmTC_77cda.dir/CheckSymbolExists.cxx.o  -o cmTC_77cda -rdynamic 
make[1]: Leaving directory '/home/christoph/Documents/bachelor-thesis/Locomotion_of_snake_via_SNN/CMakeFiles/CMakeTmp'

File /home/christoph/Documents/bachelor-thesis/Locomotion_of_snake_via_SNN/CMakeFiles/CMakeTmp/CheckSymbolExists.cxx:
/* */
#include <cmath>

int main(int argc, char** argv)
{
  (void)argv;
#ifndef M_PI
  return ((int*)(&M_PI))[argc];
#else
  (void)argc;
  return 0;
#endif
}

Performing C SOURCE FILE Test OpenMP_FLAG_DETECTED succeeded with the following output:
Change Dir: /home/christoph/Documents/bachelor-thesis/Locomotion_of_snake_via_SNN/CMakeFiles/CMakeTmp

Run Build Command:"/usr/bin/make" "cmTC_923b3/fast"
/usr/bin/make -f CMakeFiles/cmTC_923b3.dir/build.make CMakeFiles/cmTC_923b3.dir/build
make[1]: Entering directory '/home/christoph/Documents/bachelor-thesis/Locomotion_of_snake_via_SNN/CMakeFiles/CMakeTmp'
Building C object CMakeFiles/cmTC_923b3.dir/src.c.o
/usr/bin/cc    -O2 -Wall -DOpenMP_FLAG_DETECTED -fopenmp   -o CMakeFiles/cmTC_923b3.dir/src.c.o   -c /home/christoph/Documents/bachelor-thesis/Locomotion_of_snake_via_SNN/CMakeFiles/CMakeTmp/src.c
Linking C executable cmTC_923b3
/usr/bin/cmake -E cmake_link_script CMakeFiles/cmTC_923b3.dir/link.txt --verbose=1
/usr/bin/cc   -O2 -Wall -DOpenMP_FLAG_DETECTED -fopenmp    CMakeFiles/cmTC_923b3.dir/src.c.o  -o cmTC_923b3 -rdynamic 
make[1]: Leaving directory '/home/christoph/Documents/bachelor-thesis/Locomotion_of_snake_via_SNN/CMakeFiles/CMakeTmp'

Source file was:

#include <omp.h>
int main() {
#ifdef _OPENMP
  return 0;
#else
  breaks_on_purpose
#endif
}

Performing C++ SOURCE FILE Test OpenMP_FLAG_DETECTED succeeded with the following output:
Change Dir: /home/christoph/Documents/bachelor-thesis/Locomotion_of_snake_via_SNN/CMakeFiles/CMakeTmp

Run Build Command:"/usr/bin/make" "cmTC_8d445/fast"
/usr/bin/make -f CMakeFiles/cmTC_8d445.dir/build.make CMakeFiles/cmTC_8d445.dir/build
make[1]: Entering directory '/home/christoph/Documents/bachelor-thesis/Locomotion_of_snake_via_SNN/CMakeFiles/CMakeTmp'
Building CXX object CMakeFiles/cmTC_8d445.dir/src.cxx.o
/usr/bin/c++     -O2 -Wall -DOpenMP_FLAG_DETECTED -fopenmp   -o CMakeFiles/cmTC_8d445.dir/src.cxx.o -c /home/christoph/Documents/bachelor-thesis/Locomotion_of_snake_via_SNN/CMakeFiles/CMakeTmp/src.cxx
Linking CXX executable cmTC_8d445
/usr/bin/cmake -E cmake_link_script CMakeFiles/cmTC_8d445.dir/link.txt --verbose=1
/usr/bin/c++    -O2 -Wall -DOpenMP_FLAG_DETECTED -fopenmp    CMakeFiles/cmTC_8d445.dir/src.cxx.o  -o cmTC_8d445 -rdynamic 
make[1]: Leaving directory '/home/christoph/Documents/bachelor-thesis/Locomotion_of_snake_via_SNN/CMakeFiles/CMakeTmp'

Source file was:

#include <omp.h>
int main() {
#ifdef _OPENMP
  return 0;
#else
  breaks_on_purpose
#endif
}

